2025-12-15 10:04:38,924 [Worker-1: Loading available Gradle versions] INFO  o.e.b.c.i.u.g.PublishedGradleVersions - Gradle version information cache is up-to-date. Trying to read.
2025-12-15 10:05:23,024 [Worker-20: Building] INFO  o.e.m.c.i.l.LifecycleMappingFactory - Using org.eclipse.m2e.jdt.JarLifecycleMapping lifecycle mapping for MavenProject: com.rehabgame:backend:0.0.1-SNAPSHOT @ C:\Users\pedro.PEDROESPINOSA\OneDrive\Escritorio\Ingenieria\Software\backend\backend\pom.xml.
2025-12-15 10:05:24,329 [Worker-20: Building] INFO  o.a.m.s.f.DefaultMavenResourcesFiltering - Copying 1 resource from src\main\resources to target\classes
2025-12-15 10:05:24,352 [Worker-20: Building] INFO  o.a.m.s.f.DefaultMavenResourcesFiltering - Copying 0 resource from src\main\resources to target\classes
2025-12-15 10:05:24,366 [Worker-20: Building] INFO  o.a.m.s.f.DefaultMavenResourcesFiltering - skip non existing resourceDirectory C:\Users\pedro.PEDROESPINOSA\OneDrive\Escritorio\Ingenieria\Software\backend\backend\src\test\resources
2025-12-15 10:05:25,150 [Worker-26: Updating Maven Dependencies] INFO  o.e.m.c.i.l.LifecycleMappingFactory - Using org.eclipse.m2e.jdt.JarLifecycleMapping lifecycle mapping for MavenProject: com.rehabgame:backend:0.0.1-SNAPSHOT @ C:\Users\pedro.PEDROESPINOSA\OneDrive\Escritorio\Ingenieria\Software\backend\backend\pom.xml.
2025-12-15 10:05:26,281 [Worker-22: Building] INFO  o.a.m.s.f.DefaultMavenResourcesFiltering - Copying 0 resource from src\main\resources to target\classes
2025-12-15 10:05:26,283 [Worker-22: Building] INFO  o.a.m.s.f.DefaultMavenResourcesFiltering - Copying 0 resource from src\main\resources to target\classes
2025-12-15 10:05:26,289 [Worker-22: Building] INFO  o.a.m.s.f.DefaultMavenResourcesFiltering - skip non existing resourceDirectory C:\Users\pedro.PEDROESPINOSA\OneDrive\Escritorio\Ingenieria\Software\backend\backend\src\test\resources
2025-12-15 10:41:34,697 [Worker-23: Building] INFO  o.e.m.c.i.l.LifecycleMappingFactory - Using org.eclipse.m2e.jdt.JarLifecycleMapping lifecycle mapping for MavenProject: com.rehabgame:backend:0.0.1-SNAPSHOT @ C:\Users\pedro.PEDROESPINOSA\OneDrive\Escritorio\Ingenieria\Software\backend\backend\pom.xml.
2025-12-15 10:41:35,158 [Worker-23: Building] INFO  o.e.m.c.i.e.AbstractTransferListenerAdapter - Downloading https://repo.maven.apache.org/maven2/org/springframework/boot/spring-boot-starter-data-jpa/3.5.7/spring-boot-starter-data-jpa-3.5.7.pom
2025-12-15 10:41:35,158 [Worker-15: reload maven project] INFO  o.e.m.c.i.e.AbstractTransferListenerAdapter - Downloading https://repo.maven.apache.org/maven2/org/springframework/boot/spring-boot-starter-data-jpa/3.5.7/spring-boot-starter-data-jpa-3.5.7.pom
2025-12-15 10:41:35,169 [Worker-15: reload maven project] INFO  o.e.m.c.i.e.AbstractTransferListenerAdapter - Downloaded https://repo.maven.apache.org/maven2/org/springframework/boot/spring-boot-starter-data-jpa/3.5.7/spring-boot-starter-data-jpa-3.5.7.pom
2025-12-15 10:41:35,170 [Worker-23: Building] INFO  o.e.m.c.i.e.AbstractTransferListenerAdapter - Downloaded https://repo.maven.apache.org/maven2/org/springframework/boot/spring-boot-starter-data-jpa/3.5.7/spring-boot-starter-data-jpa-3.5.7.pom
2025-12-15 10:41:35,222 [Worker-15: reload maven project] INFO  o.e.m.c.i.e.AbstractTransferListenerAdapter - Downloading https://repo.maven.apache.org/maven2/org/springframework/boot/spring-boot-starter-thymeleaf/3.5.7/spring-boot-starter-thymeleaf-3.5.7.pom
2025-12-15 10:41:35,227 [Worker-15: reload maven project] INFO  o.e.m.c.i.e.AbstractTransferListenerAdapter - Downloaded https://repo.maven.apache.org/maven2/org/springframework/boot/spring-boot-starter-thymeleaf/3.5.7/spring-boot-starter-thymeleaf-3.5.7.pom
2025-12-15 10:41:35,657 [Worker-23: Building] INFO  o.e.m.c.i.e.AbstractTransferListenerAdapter - Downloading https://repo.maven.apache.org/maven2/org/springframework/boot/spring-boot-starter-jdbc/3.5.7/spring-boot-starter-jdbc-3.5.7.pom
2025-12-15 10:41:35,662 [Worker-23: Building] INFO  o.e.m.c.i.e.AbstractTransferListenerAdapter - Downloaded https://repo.maven.apache.org/maven2/org/springframework/boot/spring-boot-starter-jdbc/3.5.7/spring-boot-starter-jdbc-3.5.7.pom
2025-12-15 10:41:35,720 [Worker-23: Building] INFO  o.e.m.c.i.e.AbstractTransferListenerAdapter - Downloading https://repo.maven.apache.org/maven2/org/springframework/spring-jdbc/6.2.12/spring-jdbc-6.2.12.pom
2025-12-15 10:41:35,728 [Worker-23: Building] INFO  o.e.m.c.i.e.AbstractTransferListenerAdapter - Downloaded https://repo.maven.apache.org/maven2/org/springframework/spring-jdbc/6.2.12/spring-jdbc-6.2.12.pom
2025-12-15 10:41:35,825 [Worker-23: Building] INFO  o.e.m.c.i.e.AbstractTransferListenerAdapter - Downloading https://repo.maven.apache.org/maven2/org/springframework/spring-tx/6.2.12/spring-tx-6.2.12.pom
2025-12-15 10:41:35,832 [Worker-23: Building] INFO  o.e.m.c.i.e.AbstractTransferListenerAdapter - Downloaded https://repo.maven.apache.org/maven2/org/springframework/spring-tx/6.2.12/spring-tx-6.2.12.pom
2025-12-15 10:41:35,965 [Worker-23: Building] INFO  o.e.m.c.i.e.AbstractTransferListenerAdapter - Downloading https://repo.maven.apache.org/maven2/org/hibernate/orm/hibernate-core/6.6.33.Final/hibernate-core-6.6.33.Final.pom
2025-12-15 10:41:35,979 [Worker-23: Building] INFO  o.e.m.c.i.e.AbstractTransferListenerAdapter - Downloaded https://repo.maven.apache.org/maven2/org/hibernate/orm/hibernate-core/6.6.33.Final/hibernate-core-6.6.33.Final.pom
2025-12-15 10:41:36,109 [Worker-15: reload maven project] INFO  o.e.m.c.i.e.AbstractTransferListenerAdapter - Downloading https://repo.maven.apache.org/maven2/org/springframework/boot/spring-boot-devtools/3.5.7/spring-boot-devtools-3.5.7.pom
2025-12-15 10:41:36,114 [Worker-15: reload maven project] INFO  o.e.m.c.i.e.AbstractTransferListenerAdapter - Downloaded https://repo.maven.apache.org/maven2/org/springframework/boot/spring-boot-devtools/3.5.7/spring-boot-devtools-3.5.7.pom
2025-12-15 10:41:36,145 [Worker-23: Building] INFO  o.e.m.c.i.e.AbstractTransferListenerAdapter - Downloading https://repo.maven.apache.org/maven2/org/springframework/data/spring-data-jpa/3.5.5/spring-data-jpa-3.5.5.pom
2025-12-15 10:41:36,151 [Worker-23: Building] INFO  o.e.m.c.i.e.AbstractTransferListenerAdapter - Downloaded https://repo.maven.apache.org/maven2/org/springframework/data/spring-data-jpa/3.5.5/spring-data-jpa-3.5.5.pom
2025-12-15 10:41:36,227 [Worker-23: Building] INFO  o.e.m.c.i.e.AbstractTransferListenerAdapter - Downloading https://repo.maven.apache.org/maven2/org/springframework/data/spring-data-jpa-parent/3.5.5/spring-data-jpa-parent-3.5.5.pom
2025-12-15 10:41:36,235 [Worker-23: Building] INFO  o.e.m.c.i.e.AbstractTransferListenerAdapter - Downloaded https://repo.maven.apache.org/maven2/org/springframework/data/spring-data-jpa-parent/3.5.5/spring-data-jpa-parent-3.5.5.pom
2025-12-15 10:41:36,302 [Worker-23: Building] INFO  o.e.m.c.i.e.AbstractTransferListenerAdapter - Downloading https://repo.maven.apache.org/maven2/org/springframework/data/build/spring-data-parent/3.5.5/spring-data-parent-3.5.5.pom
2025-12-15 10:41:36,311 [Worker-23: Building] INFO  o.e.m.c.i.e.AbstractTransferListenerAdapter - Downloaded https://repo.maven.apache.org/maven2/org/springframework/data/build/spring-data-parent/3.5.5/spring-data-parent-3.5.5.pom
2025-12-15 10:41:36,475 [Worker-23: Building] INFO  o.e.m.c.i.e.AbstractTransferListenerAdapter - Downloading https://repo.maven.apache.org/maven2/org/springframework/data/build/spring-data-build/3.5.5/spring-data-build-3.5.5.pom
2025-12-15 10:41:36,486 [Worker-23: Building] INFO  o.e.m.c.i.e.AbstractTransferListenerAdapter - Downloaded https://repo.maven.apache.org/maven2/org/springframework/data/build/spring-data-build/3.5.5/spring-data-build-3.5.5.pom
2025-12-15 10:41:36,570 [Worker-23: Building] INFO  o.e.m.c.i.e.AbstractTransferListenerAdapter - Downloading https://repo.maven.apache.org/maven2/com/fasterxml/jackson/jackson-bom/2.19.0/jackson-bom-2.19.0.pom
2025-12-15 10:41:36,586 [Worker-23: Building] INFO  o.e.m.c.i.e.AbstractTransferListenerAdapter - Downloaded https://repo.maven.apache.org/maven2/com/fasterxml/jackson/jackson-bom/2.19.0/jackson-bom-2.19.0.pom
2025-12-15 10:41:36,661 [Worker-23: Building] INFO  o.e.m.c.i.e.AbstractTransferListenerAdapter - Downloading https://repo.maven.apache.org/maven2/com/fasterxml/jackson/jackson-parent/2.19/jackson-parent-2.19.pom
2025-12-15 10:41:36,671 [Worker-23: Building] INFO  o.e.m.c.i.e.AbstractTransferListenerAdapter - Downloaded https://repo.maven.apache.org/maven2/com/fasterxml/jackson/jackson-parent/2.19/jackson-parent-2.19.pom
2025-12-15 10:41:36,747 [Worker-23: Building] INFO  o.e.m.c.i.e.AbstractTransferListenerAdapter - Downloading https://repo.maven.apache.org/maven2/com/fasterxml/oss-parent/65/oss-parent-65.pom
2025-12-15 10:41:36,754 [Worker-23: Building] INFO  o.e.m.c.i.e.AbstractTransferListenerAdapter - Downloaded https://repo.maven.apache.org/maven2/com/fasterxml/oss-parent/65/oss-parent-65.pom
2025-12-15 10:41:36,836 [Worker-23: Building] INFO  o.e.m.c.i.e.AbstractTransferListenerAdapter - Downloading https://repo.maven.apache.org/maven2/org/springframework/data/spring-data-commons/3.5.5/spring-data-commons-3.5.5.pom
2025-12-15 10:41:36,840 [Worker-23: Building] INFO  o.e.m.c.i.e.AbstractTransferListenerAdapter - Downloaded https://repo.maven.apache.org/maven2/org/springframework/data/spring-data-commons/3.5.5/spring-data-commons-3.5.5.pom
2025-12-15 10:41:36,929 [Worker-23: Building] INFO  o.e.m.c.i.e.AbstractTransferListenerAdapter - Downloading https://repo.maven.apache.org/maven2/org/springframework/spring-orm/6.2.12/spring-orm-6.2.12.pom
2025-12-15 10:41:36,935 [Worker-23: Building] INFO  o.e.m.c.i.e.AbstractTransferListenerAdapter - Downloaded https://repo.maven.apache.org/maven2/org/springframework/spring-orm/6.2.12/spring-orm-6.2.12.pom
2025-12-15 10:41:37,019 [Worker-23: Building] INFO  o.e.m.c.i.e.AbstractTransferListenerAdapter - Downloading https://repo.maven.apache.org/maven2/org/springframework/spring-aspects/6.2.12/spring-aspects-6.2.12.pom
2025-12-15 10:41:37,025 [Worker-23: Building] INFO  o.e.m.c.i.e.AbstractTransferListenerAdapter - Downloaded https://repo.maven.apache.org/maven2/org/springframework/spring-aspects/6.2.12/spring-aspects-6.2.12.pom
2025-12-15 10:41:37,089 [Worker-23: Building] INFO  o.e.m.c.i.e.AbstractTransferListenerAdapter - Downloading https://repo.maven.apache.org/maven2/org/aspectj/aspectjweaver/1.9.24/aspectjweaver-1.9.24.pom
2025-12-15 10:41:37,096 [Worker-23: Building] INFO  o.e.m.c.i.e.AbstractTransferListenerAdapter - Downloaded https://repo.maven.apache.org/maven2/org/aspectj/aspectjweaver/1.9.24/aspectjweaver-1.9.24.pom
2025-12-15 10:41:37,625 [Worker-23: Building] INFO  o.e.m.c.i.e.AbstractTransferListenerAdapter - Downloading https://repo.maven.apache.org/maven2/org/springframework/boot/spring-boot-starter-data-jpa/3.5.7/spring-boot-starter-data-jpa-3.5.7.jar
2025-12-15 10:41:37,633 [Worker-23: Building] INFO  o.e.m.c.i.e.AbstractTransferListenerAdapter - Downloaded https://repo.maven.apache.org/maven2/org/springframework/boot/spring-boot-starter-data-jpa/3.5.7/spring-boot-starter-data-jpa-3.5.7.jar
2025-12-15 10:41:37,693 [BasicRepositoryConnector-repo.maven.apache.org-0-0] INFO  o.e.m.c.i.e.AbstractTransferListenerAdapter - Downloading https://repo.maven.apache.org/maven2/org/springframework/boot/spring-boot-starter-jdbc/3.5.7/spring-boot-starter-jdbc-3.5.7.jar
2025-12-15 10:41:37,704 [BasicRepositoryConnector-repo.maven.apache.org-0-0] INFO  o.e.m.c.i.e.AbstractTransferListenerAdapter - Downloaded https://repo.maven.apache.org/maven2/org/springframework/boot/spring-boot-starter-jdbc/3.5.7/spring-boot-starter-jdbc-3.5.7.jar
2025-12-15 10:41:37,754 [BasicRepositoryConnector-repo.maven.apache.org-0-0] INFO  o.e.m.c.i.e.AbstractTransferListenerAdapter - Downloading https://repo.maven.apache.org/maven2/org/springframework/spring-orm/6.2.12/spring-orm-6.2.12.jar
2025-12-15 10:41:37,760 [BasicRepositoryConnector-repo.maven.apache.org-0-3] INFO  o.e.m.c.i.e.AbstractTransferListenerAdapter - Downloading https://repo.maven.apache.org/maven2/org/springframework/data/spring-data-jpa/3.5.5/spring-data-jpa-3.5.5.jar
2025-12-15 10:41:37,773 [BasicRepositoryConnector-repo.maven.apache.org-0-2] INFO  o.e.m.c.i.e.AbstractTransferListenerAdapter - Downloading https://repo.maven.apache.org/maven2/org/hibernate/orm/hibernate-core/6.6.33.Final/hibernate-core-6.6.33.Final.jar
2025-12-15 10:41:37,776 [BasicRepositoryConnector-repo.maven.apache.org-0-1] INFO  o.e.m.c.i.e.AbstractTransferListenerAdapter - Downloading https://repo.maven.apache.org/maven2/org/springframework/spring-jdbc/6.2.12/spring-jdbc-6.2.12.jar
2025-12-15 10:41:37,788 [BasicRepositoryConnector-repo.maven.apache.org-0-4] INFO  o.e.m.c.i.e.AbstractTransferListenerAdapter - Downloading https://repo.maven.apache.org/maven2/org/springframework/data/spring-data-commons/3.5.5/spring-data-commons-3.5.5.jar
2025-12-15 10:41:37,823 [BasicRepositoryConnector-repo.maven.apache.org-0-0] INFO  o.e.m.c.i.e.AbstractTransferListenerAdapter - Downloaded https://repo.maven.apache.org/maven2/org/springframework/spring-orm/6.2.12/spring-orm-6.2.12.jar
2025-12-15 10:41:37,880 [BasicRepositoryConnector-repo.maven.apache.org-0-0] INFO  o.e.m.c.i.e.AbstractTransferListenerAdapter - Downloading https://repo.maven.apache.org/maven2/org/springframework/spring-tx/6.2.12/spring-tx-6.2.12.jar
2025-12-15 10:41:37,911 [BasicRepositoryConnector-repo.maven.apache.org-0-1] INFO  o.e.m.c.i.e.AbstractTransferListenerAdapter - Downloaded https://repo.maven.apache.org/maven2/org/springframework/spring-jdbc/6.2.12/spring-jdbc-6.2.12.jar
2025-12-15 10:41:37,965 [BasicRepositoryConnector-repo.maven.apache.org-0-0] INFO  o.e.m.c.i.e.AbstractTransferListenerAdapter - Downloaded https://repo.maven.apache.org/maven2/org/springframework/spring-tx/6.2.12/spring-tx-6.2.12.jar
2025-12-15 10:41:37,980 [BasicRepositoryConnector-repo.maven.apache.org-0-1] INFO  o.e.m.c.i.e.AbstractTransferListenerAdapter - Downloading https://repo.maven.apache.org/maven2/org/springframework/spring-aspects/6.2.12/spring-aspects-6.2.12.jar
2025-12-15 10:41:37,988 [BasicRepositoryConnector-repo.maven.apache.org-0-1] INFO  o.e.m.c.i.e.AbstractTransferListenerAdapter - Downloaded https://repo.maven.apache.org/maven2/org/springframework/spring-aspects/6.2.12/spring-aspects-6.2.12.jar
2025-12-15 10:41:38,014 [BasicRepositoryConnector-repo.maven.apache.org-0-3] INFO  o.e.m.c.i.e.AbstractTransferListenerAdapter - Downloaded https://repo.maven.apache.org/maven2/org/springframework/data/spring-data-jpa/3.5.5/spring-data-jpa-3.5.5.jar
2025-12-15 10:41:38,038 [BasicRepositoryConnector-repo.maven.apache.org-0-1] INFO  o.e.m.c.i.e.AbstractTransferListenerAdapter - Downloading https://repo.maven.apache.org/maven2/org/springframework/boot/spring-boot-starter-thymeleaf/3.5.7/spring-boot-starter-thymeleaf-3.5.7.jar
2025-12-15 10:41:38,038 [BasicRepositoryConnector-repo.maven.apache.org-0-1] INFO  o.e.m.c.i.e.AbstractTransferListenerAdapter - Downloaded https://repo.maven.apache.org/maven2/org/springframework/boot/spring-boot-starter-thymeleaf/3.5.7/spring-boot-starter-thymeleaf-3.5.7.jar
2025-12-15 10:41:38,085 [BasicRepositoryConnector-repo.maven.apache.org-0-0] INFO  o.e.m.c.i.e.AbstractTransferListenerAdapter - Downloading https://repo.maven.apache.org/maven2/org/aspectj/aspectjweaver/1.9.24/aspectjweaver-1.9.24.jar
2025-12-15 10:41:38,101 [BasicRepositoryConnector-repo.maven.apache.org-0-3] INFO  o.e.m.c.i.e.AbstractTransferListenerAdapter - Downloading https://repo.maven.apache.org/maven2/org/springframework/boot/spring-boot-devtools/3.5.7/spring-boot-devtools-3.5.7.jar
2025-12-15 10:41:38,101 [BasicRepositoryConnector-repo.maven.apache.org-0-4] INFO  o.e.m.c.i.e.AbstractTransferListenerAdapter - Downloaded https://repo.maven.apache.org/maven2/org/springframework/data/spring-data-commons/3.5.5/spring-data-commons-3.5.5.jar
2025-12-15 10:41:38,361 [BasicRepositoryConnector-repo.maven.apache.org-0-0] INFO  o.e.m.c.i.e.AbstractTransferListenerAdapter - Downloaded https://repo.maven.apache.org/maven2/org/aspectj/aspectjweaver/1.9.24/aspectjweaver-1.9.24.jar
2025-12-15 10:41:38,417 [BasicRepositoryConnector-repo.maven.apache.org-0-3] INFO  o.e.m.c.i.e.AbstractTransferListenerAdapter - Downloaded https://repo.maven.apache.org/maven2/org/springframework/boot/spring-boot-devtools/3.5.7/spring-boot-devtools-3.5.7.jar
2025-12-15 10:41:38,543 [BasicRepositoryConnector-repo.maven.apache.org-0-2] INFO  o.e.m.c.i.e.AbstractTransferListenerAdapter - Downloaded https://repo.maven.apache.org/maven2/org/hibernate/orm/hibernate-core/6.6.33.Final/hibernate-core-6.6.33.Final.jar
2025-12-15 10:41:39,874 [Worker-3: Download sources and javadoc] INFO  o.e.m.c.i.e.AbstractTransferListenerAdapter - Downloading https://repo.maven.apache.org/maven2/org/springframework/boot/spring-boot-starter-data-jpa/3.5.7/spring-boot-starter-data-jpa-3.5.7-sources.jar
2025-12-15 10:41:39,890 [Worker-3: Download sources and javadoc] INFO  o.e.m.c.i.e.AbstractTransferListenerAdapter - Downloaded https://repo.maven.apache.org/maven2/org/springframework/boot/spring-boot-starter-data-jpa/3.5.7/spring-boot-starter-data-jpa-3.5.7-sources.jar
2025-12-15 10:41:39,890 [Worker-3: Download sources and javadoc] INFO  o.e.m.j.internal.DownloadSourcesJob - Downloaded sources for org.springframework.boot:spring-boot-starter-data-jpa:3.5.7
2025-12-15 10:41:40,062 [Worker-3: Download sources and javadoc] INFO  o.e.m.c.i.e.AbstractTransferListenerAdapter - Downloading https://repo.maven.apache.org/maven2/org/springframework/boot/spring-boot-starter-jdbc/3.5.7/spring-boot-starter-jdbc-3.5.7-sources.jar
2025-12-15 10:41:40,062 [Worker-3: Download sources and javadoc] INFO  o.e.m.c.i.e.AbstractTransferListenerAdapter - Downloaded https://repo.maven.apache.org/maven2/org/springframework/boot/spring-boot-starter-jdbc/3.5.7/spring-boot-starter-jdbc-3.5.7-sources.jar
2025-12-15 10:41:40,078 [Worker-3: Download sources and javadoc] INFO  o.e.m.j.internal.DownloadSourcesJob - Downloaded sources for org.springframework.boot:spring-boot-starter-jdbc:3.5.7
2025-12-15 10:41:40,191 [Worker-3: Download sources and javadoc] INFO  o.e.m.c.i.e.AbstractTransferListenerAdapter - Downloading https://repo.maven.apache.org/maven2/org/springframework/spring-jdbc/6.2.12/spring-jdbc-6.2.12-sources.jar
2025-12-15 10:41:40,290 [Worker-3: Download sources and javadoc] INFO  o.e.m.c.i.e.AbstractTransferListenerAdapter - Downloaded https://repo.maven.apache.org/maven2/org/springframework/spring-jdbc/6.2.12/spring-jdbc-6.2.12-sources.jar
2025-12-15 10:41:40,296 [Worker-3: Download sources and javadoc] INFO  o.e.m.j.internal.DownloadSourcesJob - Downloaded sources for org.springframework:spring-jdbc:6.2.12
2025-12-15 10:41:40,411 [Worker-3: Download sources and javadoc] INFO  o.e.m.c.i.e.AbstractTransferListenerAdapter - Downloading https://repo.maven.apache.org/maven2/org/hibernate/orm/hibernate-core/6.6.33.Final/hibernate-core-6.6.33.Final-sources.jar
2025-12-15 10:41:40,757 [Worker-3: Download sources and javadoc] INFO  o.e.m.c.i.e.AbstractTransferListenerAdapter - Downloaded https://repo.maven.apache.org/maven2/org/hibernate/orm/hibernate-core/6.6.33.Final/hibernate-core-6.6.33.Final-sources.jar
2025-12-15 10:41:40,757 [Worker-3: Download sources and javadoc] INFO  o.e.m.j.internal.DownloadSourcesJob - Downloaded sources for org.hibernate.orm:hibernate-core:6.6.33.Final
2025-12-15 10:41:40,900 [Worker-3: Download sources and javadoc] INFO  o.e.m.c.i.e.AbstractTransferListenerAdapter - Downloading https://repo.maven.apache.org/maven2/org/springframework/data/spring-data-jpa/3.5.5/spring-data-jpa-3.5.5-sources.jar
2025-12-15 10:41:41,016 [Worker-3: Download sources and javadoc] INFO  o.e.m.c.i.e.AbstractTransferListenerAdapter - Downloaded https://repo.maven.apache.org/maven2/org/springframework/data/spring-data-jpa/3.5.5/spring-data-jpa-3.5.5-sources.jar
2025-12-15 10:41:41,024 [Worker-3: Download sources and javadoc] INFO  o.e.m.j.internal.DownloadSourcesJob - Downloaded sources for org.springframework.data:spring-data-jpa:3.5.5
2025-12-15 10:41:41,047 [Worker-23: Building] INFO  o.a.m.s.f.DefaultMavenResourcesFiltering - Copying 0 resource from src\main\resources to target\classes
2025-12-15 10:41:41,049 [Worker-23: Building] INFO  o.a.m.s.f.DefaultMavenResourcesFiltering - Copying 0 resource from src\main\resources to target\classes
2025-12-15 10:41:41,049 [Worker-23: Building] INFO  o.a.m.s.f.DefaultMavenResourcesFiltering - skip non existing resourceDirectory C:\Users\pedro.PEDROESPINOSA\OneDrive\Escritorio\Ingenieria\Software\backend\backend\src\test\resources
2025-12-15 10:41:41,153 [Worker-3: Download sources and javadoc] INFO  o.e.m.c.i.e.AbstractTransferListenerAdapter - Downloading https://repo.maven.apache.org/maven2/org/springframework/data/spring-data-commons/3.5.5/spring-data-commons-3.5.5-sources.jar
2025-12-15 10:41:41,280 [Worker-3: Download sources and javadoc] INFO  o.e.m.c.i.e.AbstractTransferListenerAdapter - Downloaded https://repo.maven.apache.org/maven2/org/springframework/data/spring-data-commons/3.5.5/spring-data-commons-3.5.5-sources.jar
2025-12-15 10:41:41,295 [Worker-3: Download sources and javadoc] INFO  o.e.m.j.internal.DownloadSourcesJob - Downloaded sources for org.springframework.data:spring-data-commons:3.5.5
2025-12-15 10:41:41,421 [Worker-3: Download sources and javadoc] INFO  o.e.m.c.i.e.AbstractTransferListenerAdapter - Downloading https://repo.maven.apache.org/maven2/org/springframework/spring-orm/6.2.12/spring-orm-6.2.12-sources.jar
2025-12-15 10:41:41,471 [Worker-3: Download sources and javadoc] INFO  o.e.m.c.i.e.AbstractTransferListenerAdapter - Downloaded https://repo.maven.apache.org/maven2/org/springframework/spring-orm/6.2.12/spring-orm-6.2.12-sources.jar
2025-12-15 10:41:41,483 [Worker-3: Download sources and javadoc] INFO  o.e.m.j.internal.DownloadSourcesJob - Downloaded sources for org.springframework:spring-orm:6.2.12
2025-12-15 10:41:41,593 [Worker-3: Download sources and javadoc] INFO  o.e.m.c.i.e.AbstractTransferListenerAdapter - Downloading https://repo.maven.apache.org/maven2/org/springframework/spring-tx/6.2.12/spring-tx-6.2.12-sources.jar
2025-12-15 10:41:41,703 [Worker-3: Download sources and javadoc] INFO  o.e.m.c.i.e.AbstractTransferListenerAdapter - Downloaded https://repo.maven.apache.org/maven2/org/springframework/spring-tx/6.2.12/spring-tx-6.2.12-sources.jar
2025-12-15 10:41:41,709 [Worker-3: Download sources and javadoc] INFO  o.e.m.j.internal.DownloadSourcesJob - Downloaded sources for org.springframework:spring-tx:6.2.12
2025-12-15 10:41:41,871 [Worker-3: Download sources and javadoc] INFO  o.e.m.c.i.e.AbstractTransferListenerAdapter - Downloading https://repo.maven.apache.org/maven2/org/springframework/spring-aspects/6.2.12/spring-aspects-6.2.12-sources.jar
2025-12-15 10:41:41,888 [Worker-3: Download sources and javadoc] INFO  o.e.m.c.i.e.AbstractTransferListenerAdapter - Downloaded https://repo.maven.apache.org/maven2/org/springframework/spring-aspects/6.2.12/spring-aspects-6.2.12-sources.jar
2025-12-15 10:41:41,897 [Worker-3: Download sources and javadoc] INFO  o.e.m.j.internal.DownloadSourcesJob - Downloaded sources for org.springframework:spring-aspects:6.2.12
2025-12-15 10:41:42,038 [Worker-3: Download sources and javadoc] INFO  o.e.m.c.i.e.AbstractTransferListenerAdapter - Downloading https://repo.maven.apache.org/maven2/org/aspectj/aspectjweaver/1.9.24/aspectjweaver-1.9.24-sources.jar
2025-12-15 10:41:42,295 [Worker-3: Download sources and javadoc] INFO  o.e.m.c.i.e.AbstractTransferListenerAdapter - Downloaded https://repo.maven.apache.org/maven2/org/aspectj/aspectjweaver/1.9.24/aspectjweaver-1.9.24-sources.jar
2025-12-15 10:41:42,312 [Worker-3: Download sources and javadoc] INFO  o.e.m.j.internal.DownloadSourcesJob - Downloaded sources for org.aspectj:aspectjweaver:1.9.24
2025-12-15 10:41:42,469 [Worker-3: Download sources and javadoc] INFO  o.e.m.c.i.e.AbstractTransferListenerAdapter - Downloading https://repo.maven.apache.org/maven2/org/springframework/boot/spring-boot-starter-thymeleaf/3.5.7/spring-boot-starter-thymeleaf-3.5.7-sources.jar
2025-12-15 10:41:42,474 [Worker-3: Download sources and javadoc] INFO  o.e.m.c.i.e.AbstractTransferListenerAdapter - Downloaded https://repo.maven.apache.org/maven2/org/springframework/boot/spring-boot-starter-thymeleaf/3.5.7/spring-boot-starter-thymeleaf-3.5.7-sources.jar
2025-12-15 10:41:42,482 [Worker-3: Download sources and javadoc] INFO  o.e.m.j.internal.DownloadSourcesJob - Downloaded sources for org.springframework.boot:spring-boot-starter-thymeleaf:3.5.7
2025-12-15 10:41:42,658 [Worker-3: Download sources and javadoc] INFO  o.e.m.c.i.e.AbstractTransferListenerAdapter - Downloading https://repo.maven.apache.org/maven2/org/springframework/boot/spring-boot-devtools/3.5.7/spring-boot-devtools-3.5.7-sources.jar
2025-12-15 10:41:42,726 [Worker-3: Download sources and javadoc] INFO  o.e.m.c.i.e.AbstractTransferListenerAdapter - Downloaded https://repo.maven.apache.org/maven2/org/springframework/boot/spring-boot-devtools/3.5.7/spring-boot-devtools-3.5.7-sources.jar
2025-12-15 10:41:42,733 [Worker-3: Download sources and javadoc] INFO  o.e.m.j.internal.DownloadSourcesJob - Downloaded sources for org.springframework.boot:spring-boot-devtools:3.5.7
2025-12-15 11:02:30,934 [Worker-3: Building] INFO  o.a.m.s.f.DefaultMavenResourcesFiltering - Copying 0 resource from src\main\resources to target\classes
2025-12-15 11:02:30,937 [Worker-3: Building] INFO  o.a.m.s.f.DefaultMavenResourcesFiltering - Copying 0 resource from src\main\resources to target\classes
2025-12-15 11:02:30,942 [Worker-3: Building] INFO  o.a.m.s.f.DefaultMavenResourcesFiltering - skip non existing resourceDirectory C:\Users\pedro.PEDROESPINOSA\OneDrive\Escritorio\Ingenieria\Software\backend\backend\src\test\resources
2025-12-15 11:30:39,383 [Worker-3: Building] INFO  o.a.m.s.f.DefaultMavenResourcesFiltering - Copying 1 resource from src\main\resources to target\classes
2025-12-15 11:30:39,420 [Worker-3: Building] INFO  o.a.m.s.f.DefaultMavenResourcesFiltering - skip non existing resourceDirectory C:\Users\pedro.PEDROESPINOSA\OneDrive\Escritorio\Ingenieria\Software\backend\backend\src\test\resources
2025-12-15 11:57:36,299 [Worker-34: Building] INFO  o.a.m.s.f.DefaultMavenResourcesFiltering - Copying 1 resource from src\main\resources to target\classes
2025-12-15 11:57:36,310 [Worker-34: Building] INFO  o.a.m.s.f.DefaultMavenResourcesFiltering - skip non existing resourceDirectory C:\Users\pedro.PEDROESPINOSA\OneDrive\Escritorio\Ingenieria\Software\backend\backend\src\test\resources
2025-12-15 11:58:47,324 [Worker-2: Loading available Gradle versions] INFO  o.e.b.c.i.u.g.PublishedGradleVersions - Gradle version information cache is up-to-date. Trying to read.
2025-12-15 11:59:27,285 [Worker-15: Enabling Maven Dependency Management] INFO  o.e.m.c.i.l.LifecycleMappingFactory - Using org.eclipse.m2e.jdt.JarLifecycleMapping lifecycle mapping for MavenProject: backend:backend:0.0.1-SNAPSHOT @ C:\Users\pedro.PEDROESPINOSA\OneDrive\Escritorio\Ingenieria\Software\backend\pom.xml.
2025-12-15 11:59:28,209 [Worker-15: Enabling Maven Dependency Management] INFO  o.e.m.j.i.AbstractJavaProjectConfigurator - Adding source folder /backend/src/main/java
2025-12-15 11:59:28,211 [Worker-15: Enabling Maven Dependency Management] INFO  o.e.m.j.i.AbstractJavaProjectConfigurator - Adding resource folder /backend/src/main/resources
2025-12-15 11:59:28,211 [Worker-15: Enabling Maven Dependency Management] INFO  o.e.m.j.i.AbstractJavaProjectConfigurator - Adding source folder /backend/src/test/java
2025-12-15 11:59:28,212 [Worker-15: Enabling Maven Dependency Management] INFO  o.e.m.j.i.AbstractJavaProjectConfigurator - Adding resource folder /backend/src/test/resources
2025-12-15 11:59:28,630 [Worker-15: Enabling Maven Dependency Management] INFO  o.e.m.c.i.p.ProjectConfigurationManager - Update started
2025-12-15 11:59:28,820 [Worker-15: Enabling Maven Dependency Management] INFO  o.e.m.c.i.l.LifecycleMappingFactory - Using org.eclipse.m2e.jdt.JarLifecycleMapping lifecycle mapping for MavenProject: backend:backend:0.0.1-SNAPSHOT @ C:\Users\pedro.PEDROESPINOSA\OneDrive\Escritorio\Ingenieria\Software\backend\pom.xml.
2025-12-15 11:59:29,028 [Worker-15: Enabling Maven Dependency Management] INFO  o.e.m.j.i.AbstractJavaProjectConfigurator - Adding source folder /backend/src/main/java
2025-12-15 11:59:29,029 [Worker-15: Enabling Maven Dependency Management] INFO  o.e.m.j.i.AbstractJavaProjectConfigurator - Adding resource folder /backend/src/main/resources
2025-12-15 11:59:29,029 [Worker-15: Enabling Maven Dependency Management] INFO  o.e.m.j.i.AbstractJavaProjectConfigurator - Adding source folder /backend/src/test/java
2025-12-15 11:59:29,029 [Worker-15: Enabling Maven Dependency Management] INFO  o.e.m.j.i.AbstractJavaProjectConfigurator - Adding resource folder /backend/src/test/resources
2025-12-15 11:59:29,146 [Worker-15: Enabling Maven Dependency Management] INFO  o.e.m.c.i.p.ProjectConfigurationManager - Update completed for 1 poms: local refresh takes 0,00 sec, refresh facades takes 0,00 sec, update config takes 0,00 sec 
2025-12-15 11:59:29,314 [Worker-28: Building] WARN  o.a.m.s.f.DefaultMavenResourcesFiltering - Using platform encoding (Cp1252 actually) to copy filtered resources, i.e. build is platform dependent!
2025-12-15 11:59:29,315 [Worker-28: Building] INFO  o.a.m.s.f.DefaultMavenResourcesFiltering - skip non existing resourceDirectory C:\Users\pedro.PEDROESPINOSA\OneDrive\Escritorio\Ingenieria\Software\backend\src\main\resources
2025-12-15 11:59:29,319 [Worker-28: Building] WARN  o.a.m.s.f.DefaultMavenResourcesFiltering - Using platform encoding (Cp1252 actually) to copy filtered resources, i.e. build is platform dependent!
2025-12-15 11:59:29,320 [Worker-28: Building] INFO  o.a.m.s.f.DefaultMavenResourcesFiltering - skip non existing resourceDirectory C:\Users\pedro.PEDROESPINOSA\OneDrive\Escritorio\Ingenieria\Software\backend\src\test\resources
2025-12-15 12:10:29,365 [Worker-27: Importing Maven projects] INFO  o.e.m.c.i.l.LifecycleMappingFactory - Using org.eclipse.m2e.jdt.JarLifecycleMapping lifecycle mapping for MavenProject: backend:backend:0.0.1-SNAPSHOT @ C:\Users\pedro.PEDROESPINOSA\OneDrive\Escritorio\Ingenieria\Software\backend\pom.xml.
2025-12-15 12:10:29,509 [Worker-27: Importing Maven projects] INFO  o.e.m.j.i.AbstractJavaProjectConfigurator - Adding source folder /backend/src/main/java
2025-12-15 12:10:29,509 [Worker-27: Importing Maven projects] INFO  o.e.m.j.i.AbstractJavaProjectConfigurator - Adding resource folder /backend/src/main/resources
2025-12-15 12:10:29,510 [Worker-27: Importing Maven projects] INFO  o.e.m.j.i.AbstractJavaProjectConfigurator - Adding source folder /backend/src/test/java
2025-12-15 12:10:29,510 [Worker-27: Importing Maven projects] INFO  o.e.m.j.i.AbstractJavaProjectConfigurator - Adding resource folder /backend/src/test/resources
2025-12-15 12:10:29,531 [Worker-27: Importing Maven projects] INFO  o.e.m.c.i.p.ProjectConfigurationManager - Imported and configured 1 project(s) in 0 sec
2025-12-15 12:10:29,710 [Worker-0: Building] WARN  o.a.m.s.f.DefaultMavenResourcesFiltering - Using platform encoding (Cp1252 actually) to copy filtered resources, i.e. build is platform dependent!
2025-12-15 12:10:29,711 [Worker-0: Building] INFO  o.a.m.s.f.DefaultMavenResourcesFiltering - skip non existing resourceDirectory C:\Users\pedro.PEDROESPINOSA\OneDrive\Escritorio\Ingenieria\Software\backend\src\main\resources
2025-12-15 12:10:29,714 [Worker-0: Building] WARN  o.a.m.s.f.DefaultMavenResourcesFiltering - Using platform encoding (Cp1252 actually) to copy filtered resources, i.e. build is platform dependent!
2025-12-15 12:10:29,715 [Worker-0: Building] INFO  o.a.m.s.f.DefaultMavenResourcesFiltering - skip non existing resourceDirectory C:\Users\pedro.PEDROESPINOSA\OneDrive\Escritorio\Ingenieria\Software\backend\src\test\resources
2025-12-15 12:13:38,711 [Worker-32: Importing Maven projects] INFO  o.e.m.c.i.l.LifecycleMappingFactory - Using org.eclipse.m2e.jdt.JarLifecycleMapping lifecycle mapping for MavenProject: backend:backend:0.0.1-SNAPSHOT @ C:\Users\pedro.PEDROESPINOSA\OneDrive\Escritorio\Ingenieria\Software\backend\pom.xml.
2025-12-15 12:13:38,853 [Worker-32: Importing Maven projects] INFO  o.e.m.j.i.AbstractJavaProjectConfigurator - Adding source folder /backend/src/main/java
2025-12-15 12:13:38,853 [Worker-32: Importing Maven projects] INFO  o.e.m.j.i.AbstractJavaProjectConfigurator - Adding resource folder /backend/src/main/resources
2025-12-15 12:13:38,853 [Worker-32: Importing Maven projects] INFO  o.e.m.j.i.AbstractJavaProjectConfigurator - Adding source folder /backend/src/test/java
2025-12-15 12:13:38,853 [Worker-32: Importing Maven projects] INFO  o.e.m.j.i.AbstractJavaProjectConfigurator - Adding resource folder /backend/src/test/resources
2025-12-15 12:13:38,873 [Worker-32: Importing Maven projects] INFO  o.e.m.c.i.p.ProjectConfigurationManager - Imported and configured 1 project(s) in 0 sec
2025-12-15 12:13:39,034 [Worker-32: Building] WARN  o.a.m.s.f.DefaultMavenResourcesFiltering - Using platform encoding (Cp1252 actually) to copy filtered resources, i.e. build is platform dependent!
2025-12-15 12:13:39,036 [Worker-32: Building] INFO  o.a.m.s.f.DefaultMavenResourcesFiltering - skip non existing resourceDirectory C:\Users\pedro.PEDROESPINOSA\OneDrive\Escritorio\Ingenieria\Software\backend\src\main\resources
2025-12-15 12:13:39,038 [Worker-32: Building] WARN  o.a.m.s.f.DefaultMavenResourcesFiltering - Using platform encoding (Cp1252 actually) to copy filtered resources, i.e. build is platform dependent!
2025-12-15 12:13:39,039 [Worker-32: Building] INFO  o.a.m.s.f.DefaultMavenResourcesFiltering - skip non existing resourceDirectory C:\Users\pedro.PEDROESPINOSA\OneDrive\Escritorio\Ingenieria\Software\backend\src\test\resources
2025-12-15 12:15:20,862 [Worker-32: Importing Maven projects] INFO  o.e.m.c.i.l.LifecycleMappingFactory - Using org.eclipse.m2e.jdt.JarLifecycleMapping lifecycle mapping for MavenProject: backend:backend:0.0.1-SNAPSHOT @ C:\Users\pedro.PEDROESPINOSA\OneDrive\Escritorio\Ingenieria\Software\backend\pom.xml.
2025-12-15 12:15:20,999 [Worker-32: Importing Maven projects] INFO  o.e.m.j.i.AbstractJavaProjectConfigurator - Adding source folder /backend/src/main/java
2025-12-15 12:15:20,999 [Worker-32: Importing Maven projects] INFO  o.e.m.j.i.AbstractJavaProjectConfigurator - Adding resource folder /backend/src/main/resources
2025-12-15 12:15:20,999 [Worker-32: Importing Maven projects] INFO  o.e.m.j.i.AbstractJavaProjectConfigurator - Adding source folder /backend/src/test/java
2025-12-15 12:15:20,999 [Worker-32: Importing Maven projects] INFO  o.e.m.j.i.AbstractJavaProjectConfigurator - Adding resource folder /backend/src/test/resources
2025-12-15 12:15:21,016 [Worker-32: Importing Maven projects] INFO  o.e.m.c.i.p.ProjectConfigurationManager - Imported and configured 1 project(s) in 0 sec
2025-12-15 12:15:21,190 [Worker-0: Building] WARN  o.a.m.s.f.DefaultMavenResourcesFiltering - Using platform encoding (Cp1252 actually) to copy filtered resources, i.e. build is platform dependent!
2025-12-15 12:15:21,192 [Worker-0: Building] INFO  o.a.m.s.f.DefaultMavenResourcesFiltering - skip non existing resourceDirectory C:\Users\pedro.PEDROESPINOSA\OneDrive\Escritorio\Ingenieria\Software\backend\src\main\resources
2025-12-15 12:15:21,194 [Worker-0: Building] WARN  o.a.m.s.f.DefaultMavenResourcesFiltering - Using platform encoding (Cp1252 actually) to copy filtered resources, i.e. build is platform dependent!
2025-12-15 12:15:21,195 [Worker-0: Building] INFO  o.a.m.s.f.DefaultMavenResourcesFiltering - skip non existing resourceDirectory C:\Users\pedro.PEDROESPINOSA\OneDrive\Escritorio\Ingenieria\Software\backend\src\test\resources
2025-12-15 12:15:36,998 [main] INFO  o.e.m2e.actions.ExecutePomAction - Creating new launch configuration
2025-12-15 12:15:48,683 [Worker-27: Launching backend] INFO  o.eclipse.m2e.core.internal.Bundles - getClasspathEntries(Bundle=org.eclipse.m2e.maven.runtime_3.9.500.20231113-2345 [297])
2025-12-15 12:15:48,685 [Worker-27: Launching backend] INFO  o.eclipse.m2e.core.internal.Bundles - 	Entry: C:\Users\pedro.PEDROESPINOSA\.p2\pool\plugins\org.eclipse.m2e.maven.runtime_3.9.500.20231113-2345
2025-12-15 12:15:48,685 [Worker-27: Launching backend] INFO  o.eclipse.m2e.core.internal.Bundles - 	Entry: C:\Users\pedro.PEDROESPINOSA\.p2\pool\plugins\org.eclipse.m2e.maven.runtime_3.9.500.20231113-2345\jars\aopalliance-1.0.jar
2025-12-15 12:15:48,686 [Worker-27: Launching backend] INFO  o.eclipse.m2e.core.internal.Bundles - 	Entry: C:\Users\pedro.PEDROESPINOSA\.p2\pool\plugins\org.eclipse.m2e.maven.runtime_3.9.500.20231113-2345\jars\guice-5.1.0.jar
2025-12-15 12:15:48,686 [Worker-27: Launching backend] INFO  o.eclipse.m2e.core.internal.Bundles - 	Entry: C:\Users\pedro.PEDROESPINOSA\.p2\pool\plugins\org.eclipse.m2e.maven.runtime_3.9.500.20231113-2345\jars\httpclient-4.5.14.jar
2025-12-15 12:15:48,686 [Worker-27: Launching backend] INFO  o.eclipse.m2e.core.internal.Bundles - 	Entry: C:\Users\pedro.PEDROESPINOSA\.p2\pool\plugins\org.eclipse.m2e.maven.runtime_3.9.500.20231113-2345\jars\httpcore-4.4.16.jar
2025-12-15 12:15:48,686 [Worker-27: Launching backend] INFO  o.eclipse.m2e.core.internal.Bundles - 	Entry: C:\Users\pedro.PEDROESPINOSA\.p2\pool\plugins\org.eclipse.m2e.maven.runtime_3.9.500.20231113-2345\jars\jansi-2.4.0.jar
2025-12-15 12:15:48,686 [Worker-27: Launching backend] INFO  o.eclipse.m2e.core.internal.Bundles - 	Entry: C:\Users\pedro.PEDROESPINOSA\.p2\pool\plugins\org.eclipse.m2e.maven.runtime_3.9.500.20231113-2345\jars\jcl-over-slf4j-1.7.36.jar
2025-12-15 12:15:48,687 [Worker-27: Launching backend] INFO  o.eclipse.m2e.core.internal.Bundles - 	Entry: C:\Users\pedro.PEDROESPINOSA\.p2\pool\plugins\org.eclipse.m2e.maven.runtime_3.9.500.20231113-2345\jars\maven-artifact-3.9.5.jar
2025-12-15 12:15:48,687 [Worker-27: Launching backend] INFO  o.eclipse.m2e.core.internal.Bundles - 	Entry: C:\Users\pedro.PEDROESPINOSA\.p2\pool\plugins\org.eclipse.m2e.maven.runtime_3.9.500.20231113-2345\jars\maven-builder-support-3.9.5.jar
2025-12-15 12:15:48,687 [Worker-27: Launching backend] INFO  o.eclipse.m2e.core.internal.Bundles - 	Entry: C:\Users\pedro.PEDROESPINOSA\.p2\pool\plugins\org.eclipse.m2e.maven.runtime_3.9.500.20231113-2345\jars\maven-compat-3.9.5.jar
2025-12-15 12:15:48,687 [Worker-27: Launching backend] INFO  o.eclipse.m2e.core.internal.Bundles - 	Entry: C:\Users\pedro.PEDROESPINOSA\.p2\pool\plugins\org.eclipse.m2e.maven.runtime_3.9.500.20231113-2345\jars\maven-core-3.9.5.jar
2025-12-15 12:15:48,687 [Worker-27: Launching backend] INFO  o.eclipse.m2e.core.internal.Bundles - 	Entry: C:\Users\pedro.PEDROESPINOSA\.p2\pool\plugins\org.eclipse.m2e.maven.runtime_3.9.500.20231113-2345\jars\maven-embedder-3.9.5.jar
2025-12-15 12:15:48,688 [Worker-27: Launching backend] INFO  o.eclipse.m2e.core.internal.Bundles - 	Entry: C:\Users\pedro.PEDROESPINOSA\.p2\pool\plugins\org.eclipse.m2e.maven.runtime_3.9.500.20231113-2345\jars\maven-model-3.9.5.jar
2025-12-15 12:15:48,688 [Worker-27: Launching backend] INFO  o.eclipse.m2e.core.internal.Bundles - 	Entry: C:\Users\pedro.PEDROESPINOSA\.p2\pool\plugins\org.eclipse.m2e.maven.runtime_3.9.500.20231113-2345\jars\maven-model-builder-3.9.5.jar
2025-12-15 12:15:48,688 [Worker-27: Launching backend] INFO  o.eclipse.m2e.core.internal.Bundles - 	Entry: C:\Users\pedro.PEDROESPINOSA\.p2\pool\plugins\org.eclipse.m2e.maven.runtime_3.9.500.20231113-2345\jars\maven-plugin-api-3.9.5.jar
2025-12-15 12:15:48,688 [Worker-27: Launching backend] INFO  o.eclipse.m2e.core.internal.Bundles - 	Entry: C:\Users\pedro.PEDROESPINOSA\.p2\pool\plugins\org.eclipse.m2e.maven.runtime_3.9.500.20231113-2345\jars\maven-repository-metadata-3.9.5.jar
2025-12-15 12:15:48,689 [Worker-27: Launching backend] INFO  o.eclipse.m2e.core.internal.Bundles - 	Entry: C:\Users\pedro.PEDROESPINOSA\.p2\pool\plugins\org.eclipse.m2e.maven.runtime_3.9.500.20231113-2345\jars\maven-resolver-api-1.9.16.jar
2025-12-15 12:15:48,689 [Worker-27: Launching backend] INFO  o.eclipse.m2e.core.internal.Bundles - 	Entry: C:\Users\pedro.PEDROESPINOSA\.p2\pool\plugins\org.eclipse.m2e.maven.runtime_3.9.500.20231113-2345\jars\maven-resolver-connector-basic-1.9.16.jar
2025-12-15 12:15:48,689 [Worker-27: Launching backend] INFO  o.eclipse.m2e.core.internal.Bundles - 	Entry: C:\Users\pedro.PEDROESPINOSA\.p2\pool\plugins\org.eclipse.m2e.maven.runtime_3.9.500.20231113-2345\jars\maven-resolver-impl-1.9.16.jar
2025-12-15 12:15:48,689 [Worker-27: Launching backend] INFO  o.eclipse.m2e.core.internal.Bundles - 	Entry: C:\Users\pedro.PEDROESPINOSA\.p2\pool\plugins\org.eclipse.m2e.maven.runtime_3.9.500.20231113-2345\jars\maven-resolver-named-locks-1.9.16.jar
2025-12-15 12:15:48,689 [Worker-27: Launching backend] INFO  o.eclipse.m2e.core.internal.Bundles - 	Entry: C:\Users\pedro.PEDROESPINOSA\.p2\pool\plugins\org.eclipse.m2e.maven.runtime_3.9.500.20231113-2345\jars\maven-resolver-provider-3.9.5.jar
2025-12-15 12:15:48,690 [Worker-27: Launching backend] INFO  o.eclipse.m2e.core.internal.Bundles - 	Entry: C:\Users\pedro.PEDROESPINOSA\.p2\pool\plugins\org.eclipse.m2e.maven.runtime_3.9.500.20231113-2345\jars\maven-resolver-spi-1.9.16.jar
2025-12-15 12:15:48,690 [Worker-27: Launching backend] INFO  o.eclipse.m2e.core.internal.Bundles - 	Entry: C:\Users\pedro.PEDROESPINOSA\.p2\pool\plugins\org.eclipse.m2e.maven.runtime_3.9.500.20231113-2345\jars\maven-resolver-transport-file-1.9.16.jar
2025-12-15 12:15:48,690 [Worker-27: Launching backend] INFO  o.eclipse.m2e.core.internal.Bundles - 	Entry: C:\Users\pedro.PEDROESPINOSA\.p2\pool\plugins\org.eclipse.m2e.maven.runtime_3.9.500.20231113-2345\jars\maven-resolver-transport-http-1.9.16.jar
2025-12-15 12:15:48,690 [Worker-27: Launching backend] INFO  o.eclipse.m2e.core.internal.Bundles - 	Entry: C:\Users\pedro.PEDROESPINOSA\.p2\pool\plugins\org.eclipse.m2e.maven.runtime_3.9.500.20231113-2345\jars\maven-resolver-transport-wagon-1.9.16.jar
2025-12-15 12:15:48,691 [Worker-27: Launching backend] INFO  o.eclipse.m2e.core.internal.Bundles - 	Entry: C:\Users\pedro.PEDROESPINOSA\.p2\pool\plugins\org.eclipse.m2e.maven.runtime_3.9.500.20231113-2345\jars\maven-resolver-util-1.9.16.jar
2025-12-15 12:15:48,691 [Worker-27: Launching backend] INFO  o.eclipse.m2e.core.internal.Bundles - 	Entry: C:\Users\pedro.PEDROESPINOSA\.p2\pool\plugins\org.eclipse.m2e.maven.runtime_3.9.500.20231113-2345\jars\maven-settings-3.9.5.jar
2025-12-15 12:15:48,691 [Worker-27: Launching backend] INFO  o.eclipse.m2e.core.internal.Bundles - 	Entry: C:\Users\pedro.PEDROESPINOSA\.p2\pool\plugins\org.eclipse.m2e.maven.runtime_3.9.500.20231113-2345\jars\maven-settings-builder-3.9.5.jar
2025-12-15 12:15:48,691 [Worker-27: Launching backend] INFO  o.eclipse.m2e.core.internal.Bundles - 	Entry: C:\Users\pedro.PEDROESPINOSA\.p2\pool\plugins\org.eclipse.m2e.maven.runtime_3.9.500.20231113-2345\jars\maven-shared-utils-3.3.4.jar
2025-12-15 12:15:48,691 [Worker-27: Launching backend] INFO  o.eclipse.m2e.core.internal.Bundles - 	Entry: C:\Users\pedro.PEDROESPINOSA\.p2\pool\plugins\org.eclipse.m2e.maven.runtime_3.9.500.20231113-2345\jars\org.eclipse.sisu.inject-0.3.5.jar
2025-12-15 12:15:48,692 [Worker-27: Launching backend] INFO  o.eclipse.m2e.core.internal.Bundles - 	Entry: C:\Users\pedro.PEDROESPINOSA\.p2\pool\plugins\org.eclipse.m2e.maven.runtime_3.9.500.20231113-2345\jars\org.eclipse.sisu.plexus-0.3.5.jar
2025-12-15 12:15:48,692 [Worker-27: Launching backend] INFO  o.eclipse.m2e.core.internal.Bundles - 	Entry: C:\Users\pedro.PEDROESPINOSA\.p2\pool\plugins\org.eclipse.m2e.maven.runtime_3.9.500.20231113-2345\jars\plexus-build-api-0.0.7.jar
2025-12-15 12:15:48,692 [Worker-27: Launching backend] INFO  o.eclipse.m2e.core.internal.Bundles - 	Entry: C:\Users\pedro.PEDROESPINOSA\.p2\pool\plugins\org.eclipse.m2e.maven.runtime_3.9.500.20231113-2345\jars\plexus-cipher-2.0.jar
2025-12-15 12:15:48,692 [Worker-27: Launching backend] INFO  o.eclipse.m2e.core.internal.Bundles - 	Entry: C:\Users\pedro.PEDROESPINOSA\.p2\pool\plugins\org.eclipse.m2e.maven.runtime_3.9.500.20231113-2345\jars\plexus-classworlds-2.7.0.jar
2025-12-15 12:15:48,692 [Worker-27: Launching backend] INFO  o.eclipse.m2e.core.internal.Bundles - 	Entry: C:\Users\pedro.PEDROESPINOSA\.p2\pool\plugins\org.eclipse.m2e.maven.runtime_3.9.500.20231113-2345\jars\plexus-component-annotations-2.1.0.jar
2025-12-15 12:15:48,693 [Worker-27: Launching backend] INFO  o.eclipse.m2e.core.internal.Bundles - 	Entry: C:\Users\pedro.PEDROESPINOSA\.p2\pool\plugins\org.eclipse.m2e.maven.runtime_3.9.500.20231113-2345\jars\plexus-interpolation-1.26.jar
2025-12-15 12:15:48,693 [Worker-27: Launching backend] INFO  o.eclipse.m2e.core.internal.Bundles - 	Entry: C:\Users\pedro.PEDROESPINOSA\.p2\pool\plugins\org.eclipse.m2e.maven.runtime_3.9.500.20231113-2345\jars\plexus-sec-dispatcher-2.0.jar
2025-12-15 12:15:48,693 [Worker-27: Launching backend] INFO  o.eclipse.m2e.core.internal.Bundles - 	Entry: C:\Users\pedro.PEDROESPINOSA\.p2\pool\plugins\org.eclipse.m2e.maven.runtime_3.9.500.20231113-2345\jars\plexus-utils-3.5.1.jar
2025-12-15 12:15:48,693 [Worker-27: Launching backend] INFO  o.eclipse.m2e.core.internal.Bundles - 	Entry: C:\Users\pedro.PEDROESPINOSA\.p2\pool\plugins\org.eclipse.m2e.maven.runtime_3.9.500.20231113-2345\jars\wagon-file-3.5.3.jar
2025-12-15 12:15:48,693 [Worker-27: Launching backend] INFO  o.eclipse.m2e.core.internal.Bundles - 	Entry: C:\Users\pedro.PEDROESPINOSA\.p2\pool\plugins\org.eclipse.m2e.maven.runtime_3.9.500.20231113-2345\jars\wagon-http-3.5.3.jar
2025-12-15 12:15:48,694 [Worker-27: Launching backend] INFO  o.eclipse.m2e.core.internal.Bundles - 	Entry: C:\Users\pedro.PEDROESPINOSA\.p2\pool\plugins\org.eclipse.m2e.maven.runtime_3.9.500.20231113-2345\jars\wagon-http-shared-3.5.3.jar
2025-12-15 12:15:48,694 [Worker-27: Launching backend] INFO  o.eclipse.m2e.core.internal.Bundles - 	Entry: C:\Users\pedro.PEDROESPINOSA\.p2\pool\plugins\org.eclipse.m2e.maven.runtime_3.9.500.20231113-2345\jars\wagon-provider-api-3.5.3.jar
2025-12-15 12:15:48,696 [Worker-27: Launching backend] INFO  o.eclipse.m2e.core.internal.Bundles - getClasspathEntries(Bundle=com.google.guava_32.1.3.jre [10])
2025-12-15 12:15:48,696 [Worker-27: Launching backend] INFO  o.eclipse.m2e.core.internal.Bundles - 	Entry: C:\Users\pedro.PEDROESPINOSA\.p2\pool\plugins\com.google.guava_32.1.3.jre.jar
2025-12-15 12:15:48,696 [Worker-27: Launching backend] INFO  o.eclipse.m2e.core.internal.Bundles - getClasspathEntries(Bundle=slf4j.api_2.0.11 [517])
2025-12-15 12:15:48,697 [Worker-27: Launching backend] INFO  o.eclipse.m2e.core.internal.Bundles - 	Entry: C:\Users\pedro.PEDROESPINOSA\.p2\pool\plugins\slf4j.api_2.0.11.jar
2025-12-15 12:15:48,697 [Worker-27: Launching backend] INFO  o.eclipse.m2e.core.internal.Bundles - getClasspathEntries(Bundle=jakarta.inject.jakarta.inject-api_1.0.5 [22])
2025-12-15 12:15:48,697 [Worker-27: Launching backend] INFO  o.eclipse.m2e.core.internal.Bundles - 	Entry: C:\Users\pedro.PEDROESPINOSA\.p2\pool\plugins\jakarta.inject.jakarta.inject-api_1.0.5.jar
2025-12-15 12:15:48,697 [Worker-27: Launching backend] INFO  o.eclipse.m2e.core.internal.Bundles - getClasspathEntries(Bundle=jakarta.annotation-api_1.3.5 [20])
2025-12-15 12:15:48,698 [Worker-27: Launching backend] INFO  o.eclipse.m2e.core.internal.Bundles - 	Entry: C:\Users\pedro.PEDROESPINOSA\.p2\pool\plugins\jakarta.annotation-api_1.3.5.jar
2025-12-15 12:15:48,698 [Worker-27: Launching backend] INFO  o.eclipse.m2e.core.internal.Bundles - getClasspathEntries(Bundle=org.apache.commons.cli_1.6.0 [46])
2025-12-15 12:15:48,699 [Worker-27: Launching backend] INFO  o.eclipse.m2e.core.internal.Bundles - 	Entry: C:\Users\pedro.PEDROESPINOSA\.p2\pool\plugins\org.apache.commons.cli_1.6.0.jar
2025-12-15 12:15:48,699 [Worker-27: Launching backend] INFO  o.eclipse.m2e.core.internal.Bundles - getClasspathEntries(Bundle=org.apache.commons.commons-codec_1.16.0 [48])
2025-12-15 12:15:48,699 [Worker-27: Launching backend] INFO  o.eclipse.m2e.core.internal.Bundles - 	Entry: C:\Users\pedro.PEDROESPINOSA\.p2\pool\plugins\org.apache.commons.commons-codec_1.16.0.jar
2025-12-15 12:15:48,699 [Worker-27: Launching backend] INFO  o.eclipse.m2e.core.internal.Bundles - getClasspathEntries(Bundle=org.apache.commons.lang3_3.13.0 [53])
2025-12-15 12:15:48,700 [Worker-27: Launching backend] INFO  o.eclipse.m2e.core.internal.Bundles - 	Entry: C:\Users\pedro.PEDROESPINOSA\.p2\pool\plugins\org.apache.commons.lang3_3.13.0.jar
2025-12-15 12:15:48,700 [Worker-27: Launching backend] INFO  o.eclipse.m2e.core.internal.Bundles - getClasspathEntries(Bundle=com.google.guava.failureaccess_1.0.2 [11])
2025-12-15 12:15:48,700 [Worker-27: Launching backend] INFO  o.eclipse.m2e.core.internal.Bundles - 	Entry: C:\Users\pedro.PEDROESPINOSA\.p2\pool\plugins\com.google.guava.failureaccess_1.0.2.jar
2025-12-15 12:15:48,704 [Worker-27: Launching backend] INFO  o.e.m.i.launch.MavenLaunchDelegate - Run build in "C:\Users\pedro.PEDROESPINOSA\OneDrive\Escritorio\Ingenieria\Software\backend":
2025-12-15 12:15:48,707 [Worker-27: Launching backend] INFO  o.e.m.i.launch.MavenLaunchDelegate -  mvn  -B -Dstyle.color=always 
2025-12-15 12:17:10,152 [Worker-0: Launching backend] INFO  o.eclipse.m2e.core.internal.Bundles - getClasspathEntries(Bundle=org.eclipse.m2e.maven.runtime_3.9.500.20231113-2345 [297])
2025-12-15 12:17:10,153 [Worker-0: Launching backend] INFO  o.eclipse.m2e.core.internal.Bundles - 	Entry: C:\Users\pedro.PEDROESPINOSA\.p2\pool\plugins\org.eclipse.m2e.maven.runtime_3.9.500.20231113-2345
2025-12-15 12:17:10,153 [Worker-0: Launching backend] INFO  o.eclipse.m2e.core.internal.Bundles - 	Entry: C:\Users\pedro.PEDROESPINOSA\.p2\pool\plugins\org.eclipse.m2e.maven.runtime_3.9.500.20231113-2345\jars\aopalliance-1.0.jar
2025-12-15 12:17:10,153 [Worker-0: Launching backend] INFO  o.eclipse.m2e.core.internal.Bundles - 	Entry: C:\Users\pedro.PEDROESPINOSA\.p2\pool\plugins\org.eclipse.m2e.maven.runtime_3.9.500.20231113-2345\jars\guice-5.1.0.jar
2025-12-15 12:17:10,153 [Worker-0: Launching backend] INFO  o.eclipse.m2e.core.internal.Bundles - 	Entry: C:\Users\pedro.PEDROESPINOSA\.p2\pool\plugins\org.eclipse.m2e.maven.runtime_3.9.500.20231113-2345\jars\httpclient-4.5.14.jar
2025-12-15 12:17:10,153 [Worker-0: Launching backend] INFO  o.eclipse.m2e.core.internal.Bundles - 	Entry: C:\Users\pedro.PEDROESPINOSA\.p2\pool\plugins\org.eclipse.m2e.maven.runtime_3.9.500.20231113-2345\jars\httpcore-4.4.16.jar
2025-12-15 12:17:10,154 [Worker-0: Launching backend] INFO  o.eclipse.m2e.core.internal.Bundles - 	Entry: C:\Users\pedro.PEDROESPINOSA\.p2\pool\plugins\org.eclipse.m2e.maven.runtime_3.9.500.20231113-2345\jars\jansi-2.4.0.jar
2025-12-15 12:17:10,154 [Worker-0: Launching backend] INFO  o.eclipse.m2e.core.internal.Bundles - 	Entry: C:\Users\pedro.PEDROESPINOSA\.p2\pool\plugins\org.eclipse.m2e.maven.runtime_3.9.500.20231113-2345\jars\jcl-over-slf4j-1.7.36.jar
2025-12-15 12:17:10,154 [Worker-0: Launching backend] INFO  o.eclipse.m2e.core.internal.Bundles - 	Entry: C:\Users\pedro.PEDROESPINOSA\.p2\pool\plugins\org.eclipse.m2e.maven.runtime_3.9.500.20231113-2345\jars\maven-artifact-3.9.5.jar
2025-12-15 12:17:10,154 [Worker-0: Launching backend] INFO  o.eclipse.m2e.core.internal.Bundles - 	Entry: C:\Users\pedro.PEDROESPINOSA\.p2\pool\plugins\org.eclipse.m2e.maven.runtime_3.9.500.20231113-2345\jars\maven-builder-support-3.9.5.jar
2025-12-15 12:17:10,154 [Worker-0: Launching backend] INFO  o.eclipse.m2e.core.internal.Bundles - 	Entry: C:\Users\pedro.PEDROESPINOSA\.p2\pool\plugins\org.eclipse.m2e.maven.runtime_3.9.500.20231113-2345\jars\maven-compat-3.9.5.jar
2025-12-15 12:17:10,155 [Worker-0: Launching backend] INFO  o.eclipse.m2e.core.internal.Bundles - 	Entry: C:\Users\pedro.PEDROESPINOSA\.p2\pool\plugins\org.eclipse.m2e.maven.runtime_3.9.500.20231113-2345\jars\maven-core-3.9.5.jar
2025-12-15 12:17:10,155 [Worker-0: Launching backend] INFO  o.eclipse.m2e.core.internal.Bundles - 	Entry: C:\Users\pedro.PEDROESPINOSA\.p2\pool\plugins\org.eclipse.m2e.maven.runtime_3.9.500.20231113-2345\jars\maven-embedder-3.9.5.jar
2025-12-15 12:17:10,155 [Worker-0: Launching backend] INFO  o.eclipse.m2e.core.internal.Bundles - 	Entry: C:\Users\pedro.PEDROESPINOSA\.p2\pool\plugins\org.eclipse.m2e.maven.runtime_3.9.500.20231113-2345\jars\maven-model-3.9.5.jar
2025-12-15 12:17:10,155 [Worker-0: Launching backend] INFO  o.eclipse.m2e.core.internal.Bundles - 	Entry: C:\Users\pedro.PEDROESPINOSA\.p2\pool\plugins\org.eclipse.m2e.maven.runtime_3.9.500.20231113-2345\jars\maven-model-builder-3.9.5.jar
2025-12-15 12:17:10,155 [Worker-0: Launching backend] INFO  o.eclipse.m2e.core.internal.Bundles - 	Entry: C:\Users\pedro.PEDROESPINOSA\.p2\pool\plugins\org.eclipse.m2e.maven.runtime_3.9.500.20231113-2345\jars\maven-plugin-api-3.9.5.jar
2025-12-15 12:17:10,156 [Worker-0: Launching backend] INFO  o.eclipse.m2e.core.internal.Bundles - 	Entry: C:\Users\pedro.PEDROESPINOSA\.p2\pool\plugins\org.eclipse.m2e.maven.runtime_3.9.500.20231113-2345\jars\maven-repository-metadata-3.9.5.jar
2025-12-15 12:17:10,156 [Worker-0: Launching backend] INFO  o.eclipse.m2e.core.internal.Bundles - 	Entry: C:\Users\pedro.PEDROESPINOSA\.p2\pool\plugins\org.eclipse.m2e.maven.runtime_3.9.500.20231113-2345\jars\maven-resolver-api-1.9.16.jar
2025-12-15 12:17:10,156 [Worker-0: Launching backend] INFO  o.eclipse.m2e.core.internal.Bundles - 	Entry: C:\Users\pedro.PEDROESPINOSA\.p2\pool\plugins\org.eclipse.m2e.maven.runtime_3.9.500.20231113-2345\jars\maven-resolver-connector-basic-1.9.16.jar
2025-12-15 12:17:10,156 [Worker-0: Launching backend] INFO  o.eclipse.m2e.core.internal.Bundles - 	Entry: C:\Users\pedro.PEDROESPINOSA\.p2\pool\plugins\org.eclipse.m2e.maven.runtime_3.9.500.20231113-2345\jars\maven-resolver-impl-1.9.16.jar
2025-12-15 12:17:10,156 [Worker-0: Launching backend] INFO  o.eclipse.m2e.core.internal.Bundles - 	Entry: C:\Users\pedro.PEDROESPINOSA\.p2\pool\plugins\org.eclipse.m2e.maven.runtime_3.9.500.20231113-2345\jars\maven-resolver-named-locks-1.9.16.jar
2025-12-15 12:17:10,156 [Worker-0: Launching backend] INFO  o.eclipse.m2e.core.internal.Bundles - 	Entry: C:\Users\pedro.PEDROESPINOSA\.p2\pool\plugins\org.eclipse.m2e.maven.runtime_3.9.500.20231113-2345\jars\maven-resolver-provider-3.9.5.jar
2025-12-15 12:17:10,157 [Worker-0: Launching backend] INFO  o.eclipse.m2e.core.internal.Bundles - 	Entry: C:\Users\pedro.PEDROESPINOSA\.p2\pool\plugins\org.eclipse.m2e.maven.runtime_3.9.500.20231113-2345\jars\maven-resolver-spi-1.9.16.jar
2025-12-15 12:17:10,157 [Worker-0: Launching backend] INFO  o.eclipse.m2e.core.internal.Bundles - 	Entry: C:\Users\pedro.PEDROESPINOSA\.p2\pool\plugins\org.eclipse.m2e.maven.runtime_3.9.500.20231113-2345\jars\maven-resolver-transport-file-1.9.16.jar
2025-12-15 12:17:10,157 [Worker-0: Launching backend] INFO  o.eclipse.m2e.core.internal.Bundles - 	Entry: C:\Users\pedro.PEDROESPINOSA\.p2\pool\plugins\org.eclipse.m2e.maven.runtime_3.9.500.20231113-2345\jars\maven-resolver-transport-http-1.9.16.jar
2025-12-15 12:17:10,157 [Worker-0: Launching backend] INFO  o.eclipse.m2e.core.internal.Bundles - 	Entry: C:\Users\pedro.PEDROESPINOSA\.p2\pool\plugins\org.eclipse.m2e.maven.runtime_3.9.500.20231113-2345\jars\maven-resolver-transport-wagon-1.9.16.jar
2025-12-15 12:17:10,157 [Worker-0: Launching backend] INFO  o.eclipse.m2e.core.internal.Bundles - 	Entry: C:\Users\pedro.PEDROESPINOSA\.p2\pool\plugins\org.eclipse.m2e.maven.runtime_3.9.500.20231113-2345\jars\maven-resolver-util-1.9.16.jar
2025-12-15 12:17:10,157 [Worker-0: Launching backend] INFO  o.eclipse.m2e.core.internal.Bundles - 	Entry: C:\Users\pedro.PEDROESPINOSA\.p2\pool\plugins\org.eclipse.m2e.maven.runtime_3.9.500.20231113-2345\jars\maven-settings-3.9.5.jar
2025-12-15 12:17:10,157 [Worker-0: Launching backend] INFO  o.eclipse.m2e.core.internal.Bundles - 	Entry: C:\Users\pedro.PEDROESPINOSA\.p2\pool\plugins\org.eclipse.m2e.maven.runtime_3.9.500.20231113-2345\jars\maven-settings-builder-3.9.5.jar
2025-12-15 12:17:10,159 [Worker-0: Launching backend] INFO  o.eclipse.m2e.core.internal.Bundles - 	Entry: C:\Users\pedro.PEDROESPINOSA\.p2\pool\plugins\org.eclipse.m2e.maven.runtime_3.9.500.20231113-2345\jars\maven-shared-utils-3.3.4.jar
2025-12-15 12:17:10,159 [Worker-0: Launching backend] INFO  o.eclipse.m2e.core.internal.Bundles - 	Entry: C:\Users\pedro.PEDROESPINOSA\.p2\pool\plugins\org.eclipse.m2e.maven.runtime_3.9.500.20231113-2345\jars\org.eclipse.sisu.inject-0.3.5.jar
2025-12-15 12:17:10,159 [Worker-0: Launching backend] INFO  o.eclipse.m2e.core.internal.Bundles - 	Entry: C:\Users\pedro.PEDROESPINOSA\.p2\pool\plugins\org.eclipse.m2e.maven.runtime_3.9.500.20231113-2345\jars\org.eclipse.sisu.plexus-0.3.5.jar
2025-12-15 12:17:10,159 [Worker-0: Launching backend] INFO  o.eclipse.m2e.core.internal.Bundles - 	Entry: C:\Users\pedro.PEDROESPINOSA\.p2\pool\plugins\org.eclipse.m2e.maven.runtime_3.9.500.20231113-2345\jars\plexus-build-api-0.0.7.jar
2025-12-15 12:17:10,159 [Worker-0: Launching backend] INFO  o.eclipse.m2e.core.internal.Bundles - 	Entry: C:\Users\pedro.PEDROESPINOSA\.p2\pool\plugins\org.eclipse.m2e.maven.runtime_3.9.500.20231113-2345\jars\plexus-cipher-2.0.jar
2025-12-15 12:17:10,160 [Worker-0: Launching backend] INFO  o.eclipse.m2e.core.internal.Bundles - 	Entry: C:\Users\pedro.PEDROESPINOSA\.p2\pool\plugins\org.eclipse.m2e.maven.runtime_3.9.500.20231113-2345\jars\plexus-classworlds-2.7.0.jar
2025-12-15 12:17:10,160 [Worker-0: Launching backend] INFO  o.eclipse.m2e.core.internal.Bundles - 	Entry: C:\Users\pedro.PEDROESPINOSA\.p2\pool\plugins\org.eclipse.m2e.maven.runtime_3.9.500.20231113-2345\jars\plexus-component-annotations-2.1.0.jar
2025-12-15 12:17:10,160 [Worker-0: Launching backend] INFO  o.eclipse.m2e.core.internal.Bundles - 	Entry: C:\Users\pedro.PEDROESPINOSA\.p2\pool\plugins\org.eclipse.m2e.maven.runtime_3.9.500.20231113-2345\jars\plexus-interpolation-1.26.jar
2025-12-15 12:17:10,160 [Worker-0: Launching backend] INFO  o.eclipse.m2e.core.internal.Bundles - 	Entry: C:\Users\pedro.PEDROESPINOSA\.p2\pool\plugins\org.eclipse.m2e.maven.runtime_3.9.500.20231113-2345\jars\plexus-sec-dispatcher-2.0.jar
2025-12-15 12:17:10,160 [Worker-0: Launching backend] INFO  o.eclipse.m2e.core.internal.Bundles - 	Entry: C:\Users\pedro.PEDROESPINOSA\.p2\pool\plugins\org.eclipse.m2e.maven.runtime_3.9.500.20231113-2345\jars\plexus-utils-3.5.1.jar
2025-12-15 12:17:10,160 [Worker-0: Launching backend] INFO  o.eclipse.m2e.core.internal.Bundles - 	Entry: C:\Users\pedro.PEDROESPINOSA\.p2\pool\plugins\org.eclipse.m2e.maven.runtime_3.9.500.20231113-2345\jars\wagon-file-3.5.3.jar
2025-12-15 12:17:10,161 [Worker-0: Launching backend] INFO  o.eclipse.m2e.core.internal.Bundles - 	Entry: C:\Users\pedro.PEDROESPINOSA\.p2\pool\plugins\org.eclipse.m2e.maven.runtime_3.9.500.20231113-2345\jars\wagon-http-3.5.3.jar
2025-12-15 12:17:10,161 [Worker-0: Launching backend] INFO  o.eclipse.m2e.core.internal.Bundles - 	Entry: C:\Users\pedro.PEDROESPINOSA\.p2\pool\plugins\org.eclipse.m2e.maven.runtime_3.9.500.20231113-2345\jars\wagon-http-shared-3.5.3.jar
2025-12-15 12:17:10,161 [Worker-0: Launching backend] INFO  o.eclipse.m2e.core.internal.Bundles - 	Entry: C:\Users\pedro.PEDROESPINOSA\.p2\pool\plugins\org.eclipse.m2e.maven.runtime_3.9.500.20231113-2345\jars\wagon-provider-api-3.5.3.jar
2025-12-15 12:17:10,161 [Worker-0: Launching backend] INFO  o.eclipse.m2e.core.internal.Bundles - getClasspathEntries(Bundle=com.google.guava_32.1.3.jre [10])
2025-12-15 12:17:10,162 [Worker-0: Launching backend] INFO  o.eclipse.m2e.core.internal.Bundles - 	Entry: C:\Users\pedro.PEDROESPINOSA\.p2\pool\plugins\com.google.guava_32.1.3.jre.jar
2025-12-15 12:17:10,162 [Worker-0: Launching backend] INFO  o.eclipse.m2e.core.internal.Bundles - getClasspathEntries(Bundle=slf4j.api_2.0.11 [517])
2025-12-15 12:17:10,162 [Worker-0: Launching backend] INFO  o.eclipse.m2e.core.internal.Bundles - 	Entry: C:\Users\pedro.PEDROESPINOSA\.p2\pool\plugins\slf4j.api_2.0.11.jar
2025-12-15 12:17:10,162 [Worker-0: Launching backend] INFO  o.eclipse.m2e.core.internal.Bundles - getClasspathEntries(Bundle=jakarta.inject.jakarta.inject-api_1.0.5 [22])
2025-12-15 12:17:10,163 [Worker-0: Launching backend] INFO  o.eclipse.m2e.core.internal.Bundles - 	Entry: C:\Users\pedro.PEDROESPINOSA\.p2\pool\plugins\jakarta.inject.jakarta.inject-api_1.0.5.jar
2025-12-15 12:17:10,163 [Worker-0: Launching backend] INFO  o.eclipse.m2e.core.internal.Bundles - getClasspathEntries(Bundle=jakarta.annotation-api_1.3.5 [20])
2025-12-15 12:17:10,163 [Worker-0: Launching backend] INFO  o.eclipse.m2e.core.internal.Bundles - 	Entry: C:\Users\pedro.PEDROESPINOSA\.p2\pool\plugins\jakarta.annotation-api_1.3.5.jar
2025-12-15 12:17:10,163 [Worker-0: Launching backend] INFO  o.eclipse.m2e.core.internal.Bundles - getClasspathEntries(Bundle=org.apache.commons.cli_1.6.0 [46])
2025-12-15 12:17:10,164 [Worker-0: Launching backend] INFO  o.eclipse.m2e.core.internal.Bundles - 	Entry: C:\Users\pedro.PEDROESPINOSA\.p2\pool\plugins\org.apache.commons.cli_1.6.0.jar
2025-12-15 12:17:10,164 [Worker-0: Launching backend] INFO  o.eclipse.m2e.core.internal.Bundles - getClasspathEntries(Bundle=org.apache.commons.commons-codec_1.16.0 [48])
2025-12-15 12:17:10,164 [Worker-0: Launching backend] INFO  o.eclipse.m2e.core.internal.Bundles - 	Entry: C:\Users\pedro.PEDROESPINOSA\.p2\pool\plugins\org.apache.commons.commons-codec_1.16.0.jar
2025-12-15 12:17:10,164 [Worker-0: Launching backend] INFO  o.eclipse.m2e.core.internal.Bundles - getClasspathEntries(Bundle=org.apache.commons.lang3_3.13.0 [53])
2025-12-15 12:17:10,164 [Worker-0: Launching backend] INFO  o.eclipse.m2e.core.internal.Bundles - 	Entry: C:\Users\pedro.PEDROESPINOSA\.p2\pool\plugins\org.apache.commons.lang3_3.13.0.jar
2025-12-15 12:17:10,165 [Worker-0: Launching backend] INFO  o.eclipse.m2e.core.internal.Bundles - getClasspathEntries(Bundle=com.google.guava.failureaccess_1.0.2 [11])
2025-12-15 12:17:10,165 [Worker-0: Launching backend] INFO  o.eclipse.m2e.core.internal.Bundles - 	Entry: C:\Users\pedro.PEDROESPINOSA\.p2\pool\plugins\com.google.guava.failureaccess_1.0.2.jar
2025-12-15 12:17:10,167 [Worker-0: Launching backend] INFO  o.e.m.i.launch.MavenLaunchDelegate - Run build in "C:\Users\pedro.PEDROESPINOSA\OneDrive\Escritorio\Ingenieria\Software\backend":
2025-12-15 12:17:10,167 [Worker-0: Launching backend] INFO  o.e.m.i.launch.MavenLaunchDelegate -  mvn  -B -Dstyle.color=always 
2025-12-15 12:22:03,058 [Worker-34: Importing Maven projects] INFO  o.e.m.c.i.l.LifecycleMappingFactory - Using org.eclipse.m2e.jdt.JarLifecycleMapping lifecycle mapping for MavenProject: backend:backend:0.0.1-SNAPSHOT @ C:\Users\pedro.PEDROESPINOSA\OneDrive\Escritorio\Ingenieria\Software\backend\pom.xml.
2025-12-15 12:22:03,194 [Worker-34: Importing Maven projects] INFO  o.e.m.j.i.AbstractJavaProjectConfigurator - Adding source folder /backend/src/main/java
2025-12-15 12:22:03,194 [Worker-34: Importing Maven projects] INFO  o.e.m.j.i.AbstractJavaProjectConfigurator - Adding resource folder /backend/src/main/resources
2025-12-15 12:22:03,194 [Worker-34: Importing Maven projects] INFO  o.e.m.j.i.AbstractJavaProjectConfigurator - Adding source folder /backend/src/test/java
2025-12-15 12:22:03,195 [Worker-34: Importing Maven projects] INFO  o.e.m.j.i.AbstractJavaProjectConfigurator - Adding resource folder /backend/src/test/resources
2025-12-15 12:22:03,213 [Worker-34: Importing Maven projects] INFO  o.e.m.c.i.p.ProjectConfigurationManager - Imported and configured 1 project(s) in 0 sec
2025-12-15 12:22:03,392 [Worker-35: Building] WARN  o.a.m.s.f.DefaultMavenResourcesFiltering - Using platform encoding (Cp1252 actually) to copy filtered resources, i.e. build is platform dependent!
2025-12-15 12:22:03,394 [Worker-35: Building] INFO  o.a.m.s.f.DefaultMavenResourcesFiltering - skip non existing resourceDirectory C:\Users\pedro.PEDROESPINOSA\OneDrive\Escritorio\Ingenieria\Software\backend\src\main\resources
2025-12-15 12:22:03,397 [Worker-35: Building] WARN  o.a.m.s.f.DefaultMavenResourcesFiltering - Using platform encoding (Cp1252 actually) to copy filtered resources, i.e. build is platform dependent!
2025-12-15 12:22:03,399 [Worker-35: Building] INFO  o.a.m.s.f.DefaultMavenResourcesFiltering - skip non existing resourceDirectory C:\Users\pedro.PEDROESPINOSA\OneDrive\Escritorio\Ingenieria\Software\backend\src\test\resources
2025-12-15 12:26:30,651 [Worker-1: Loading available Gradle versions] INFO  o.e.b.c.i.u.g.PublishedGradleVersions - Gradle version information cache is up-to-date. Trying to read.
2025-12-15 12:26:55,628 [Worker-10: Importing Maven projects] INFO  o.e.m.c.i.l.LifecycleMappingFactory - Using org.eclipse.m2e.jdt.JarLifecycleMapping lifecycle mapping for MavenProject: com.rehabgame:backend:0.0.1-SNAPSHOT @ C:\Users\pedro.PEDROESPINOSA\OneDrive\Escritorio\Ingenieria\Software\ReHabGame-main\ReHabGame-main\pom.xml.
2025-12-15 12:26:57,095 [Worker-10: Importing Maven projects] INFO  o.e.m.j.i.AbstractJavaProjectConfigurator - Adding source folder /backend/src/main/java
2025-12-15 12:26:57,095 [Worker-10: Importing Maven projects] INFO  o.e.m.j.i.AbstractJavaProjectConfigurator - Adding resource folder /backend/src/main/resources
2025-12-15 12:26:57,109 [Worker-10: Importing Maven projects] INFO  o.e.m.j.i.AbstractJavaProjectConfigurator - Adding resource folder /backend/src/main/resources
2025-12-15 12:26:57,123 [Worker-10: Importing Maven projects] INFO  o.e.m.j.i.AbstractJavaProjectConfigurator - Adding source folder /backend/src/test/java
2025-12-15 12:26:57,124 [Worker-10: Importing Maven projects] INFO  o.e.m.j.i.AbstractJavaProjectConfigurator - Adding resource folder /backend/src/test/resources
2025-12-15 12:26:58,065 [Worker-10: Importing Maven projects] INFO  o.e.m.c.i.p.ProjectConfigurationManager - Imported and configured 1 project(s) in 3 sec
2025-12-15 12:26:58,991 [Worker-29: Building] INFO  o.a.m.s.f.DefaultMavenResourcesFiltering - Copying 1 resource from src\main\resources to target\classes
2025-12-15 12:26:59,021 [Worker-29: Building] INFO  o.a.m.s.f.DefaultMavenResourcesFiltering - skip non existing resourceDirectory C:\Users\pedro.PEDROESPINOSA\OneDrive\Escritorio\Ingenieria\Software\ReHabGame-main\ReHabGame-main\src\test\resources
